Using pre-set license
Built from '2020.3/staging' branch; Version is '2020.3.17f1 (a4537701e4ab) revision 10769271'; Using compiler version '192528614'; Build Type 'Release'
OS: 'Windows 10 Home; OS build 19042.1466; Version 2009; 64bit' Language: 'ko' Physical Memory: 3929 MB
BatchMode: 1, IsHumanControllingUs: 0, StartBugReporterOnCrash: 0, Is64bit: 1, IsPro: 0

COMMAND LINE ARGUMENTS:
D:\Unity\Hub\Editor\2020.3.17f1\Editor\Unity.exe
-adb2
-batchMode
-noUpm
-name
AssetImportWorker0
-projectPath
D:/Unity/School Project/2d
-logFile
Logs/AssetImportWorker0.log
-srvPort
49523
Successfully changed project path to: D:/Unity/School Project/2d
D:/Unity/School Project/2d
Using Asset Import Pipeline V2.
Refreshing native plugins compatible for Editor in 157.70 ms, found 3 plugins.
Preloading 0 native plugins for Editor in 0.00 ms.
Initialize engine version: 2020.3.17f1 (a4537701e4ab)
[Subsystems] Discovering subsystems at path D:/Unity/Hub/Editor/2020.3.17f1/Editor/Data/Resources/UnitySubsystems
[Subsystems] Discovering subsystems at path D:/Unity/School Project/2d/Assets
GfxDevice: creating device client; threaded=0
Direct3D:
    Version:  Direct3D 11.0 [level 11.1]
    Renderer: Intel(R) UHD Graphics 620 (ID=0x5917)
    Vendor:   
    VRAM:     1964 MB
    Driver:   25.20.100.6577
Initialize mono
Mono path[0] = 'D:/Unity/Hub/Editor/2020.3.17f1/Editor/Data/Managed'
Mono path[1] = 'D:/Unity/Hub/Editor/2020.3.17f1/Editor/Data/MonoBleedingEdge/lib/mono/unityjit'
Mono config path = 'D:/Unity/Hub/Editor/2020.3.17f1/Editor/Data/MonoBleedingEdge/etc'
Using monoOptions --debugger-agent=transport=dt_socket,embedding=1,server=y,suspend=n,address=127.0.0.1:56352
Begin MonoManager ReloadAssembly
Registering precompiled unity dll's ...
Register platform support module: D:/Unity/Hub/Editor/2020.3.17f1/Editor/Data/PlaybackEngines/WebGLSupport/UnityEditor.WebGL.Extensions.dll
Register platform support module: D:/Unity/Hub/Editor/2020.3.17f1/Editor/Data/PlaybackEngines/WindowsStandaloneSupport/UnityEditor.WindowsStandalone.Extensions.dll
Registered in 0.005020 seconds.
Native extension for WindowsStandalone target not found
Native extension for WebGL target not found
Refreshing native plugins compatible for Editor in 75.40 ms, found 3 plugins.
Preloading 0 native plugins for Editor in 0.00 ms.
Mono: successfully reloaded assembly
- Completed reload, in  9.234 seconds
Domain Reload Profiling:
	ReloadAssembly (9234ms)
		BeginReloadAssembly (1098ms)
			ExecutionOrderSort (0ms)
			DisableScriptedObjects (0ms)
			BackupInstance (0ms)
			ReleaseScriptingObjects (0ms)
			CreateAndSetChildDomain (4ms)
		EndReloadAssembly (941ms)
			LoadAssemblies (1092ms)
			RebuildTransferFunctionScriptingTraits (2ms)
			SetupTypeCache (247ms)
			ReleaseScriptCaches (0ms)
			RebuildScriptCaches (48ms)
			SetupLoadedEditorAssemblies (348ms)
				LogAssemblyErrors (0ms)
				InitializePlatformSupportModulesInManaged (12ms)
				SetLoadedEditorAssemblies (1ms)
				RefreshPlugins (76ms)
				BeforeProcessingInitializeOnLoad (32ms)
				ProcessInitializeOnLoadAttributes (177ms)
				ProcessInitializeOnLoadMethodAttributes (50ms)
				AfterProcessingInitializeOnLoad (0ms)
				EditorAssembliesLoaded (1ms)
			ExecutionOrderSort2 (0ms)
			AwakeInstancesAfterBackupRestoration (0ms)
Platform modules already initialized, skipping
Registering precompiled user dll's ...
Registered in 0.010874 seconds.
Begin MonoManager ReloadAssembly
Native extension for WindowsStandalone target not found
Native extension for WebGL target not found
Refreshing native plugins compatible for Editor in 69.17 ms, found 3 plugins.
Preloading 0 native plugins for Editor in 0.00 ms.
Mono: successfully reloaded assembly
- Completed reload, in  3.704 seconds
Domain Reload Profiling:
	ReloadAssembly (3709ms)
		BeginReloadAssembly (364ms)
			ExecutionOrderSort (0ms)
			DisableScriptedObjects (7ms)
			BackupInstance (0ms)
			ReleaseScriptingObjects (0ms)
			CreateAndSetChildDomain (50ms)
		EndReloadAssembly (3225ms)
			LoadAssemblies (353ms)
			RebuildTransferFunctionScriptingTraits (0ms)
			SetupTypeCache (1402ms)
			ReleaseScriptCaches (1ms)
			RebuildScriptCaches (103ms)
			SetupLoadedEditorAssemblies (843ms)
				LogAssemblyErrors (0ms)
				InitializePlatformSupportModulesInManaged (14ms)
				SetLoadedEditorAssemblies (0ms)
				RefreshPlugins (70ms)
				BeforeProcessingInitializeOnLoad (154ms)
				ProcessInitializeOnLoadAttributes (570ms)
				ProcessInitializeOnLoadMethodAttributes (31ms)
				AfterProcessingInitializeOnLoad (4ms)
				EditorAssembliesLoaded (1ms)
			ExecutionOrderSort2 (0ms)
			AwakeInstancesAfterBackupRestoration (11ms)
Platform modules already initialized, skipping
========================================================================
Worker process is ready to serve import requests
Launched and connected shader compiler UnityShaderCompiler.exe after 0.31 seconds
Refreshing native plugins compatible for Editor in 0.47 ms, found 3 plugins.
Preloading 0 native plugins for Editor in 0.00 ms.
Unloading 2091 Unused Serialized files (Serialized files now loaded: 0)
System memory in use before: 93.1 MB.
System memory in use after: 93.2 MB.

Unloading 28 unused Assets to reduce memory usage. Loaded Objects now: 2528.
Total: 12.034900 ms (FindLiveObjects: 1.413600 ms CreateObjectMapping: 0.213500 ms MarkObjects: 9.757600 ms  DeleteObjects: 0.648500 ms)

AssetImportParameters requested are different than current active one (requested -> active):
  custom:framework-win-MediaFoundation: 216162199b28c13a410421893ffa2e32 -> 
  custom:video-decoder-ogg-theora: a1e56fd34408186e4bbccfd4996cb3dc -> 
  custom:container-muxer-webm: aa71ff27fc2769a1b78a27578f13a17b -> 
  custom:container-demuxer-webm: 4f35f7cbe854078d1ac9338744f61a02 -> 
  custom:container-demuxer-ogg: 62fdf1f143b41e24485cea50d1cbac27 -> 
  custom:video-encoder-webm-vp8: eb34c28f22e8b96e1ab97ce403110664 -> 
  custom:video-decoder-webm-vp8: 9c59270c3fd7afecdb556c50c9e8de78 -> 
  custom:audio-decoder-ogg-vorbis: bf7c407c2cedff20999df2af8eb42d56 -> 
  custom:audio-encoder-webm-vorbis: bf7c407c2cedff20999df2af8eb42d56 -> 
========================================================================
Received Import Request.
  path: Assets/Chap4-resources/ChickGameMaterials.png
  artifactKey: Guid(136f41607b85e9c4f9e936fa3e4e16ae) Importer(815301076,1909f56bfc062723c751e8b465ee728b)
Start importing Assets/Chap4-resources/ChickGameMaterials.png using Guid(136f41607b85e9c4f9e936fa3e4e16ae) Importer(815301076,1909f56bfc062723c751e8b465ee728b)  -> (artifact id: '2e70c793a95af9b083a4f8336165559f') in 0.430730 seconds 
  Import took 0.439045 seconds .

========================================================================
Received Import Request.
  Time since last request: 0.001381 seconds.
  path: Assets/Chap4-resources
  artifactKey: Guid(d7015c676a5b662458b41ef44772448b) Importer(815301076,1909f56bfc062723c751e8b465ee728b)
Start importing Assets/Chap4-resources using Guid(d7015c676a5b662458b41ef44772448b) Importer(815301076,1909f56bfc062723c751e8b465ee728b)  -> (artifact id: '9a5b1dd0fa7a1f0b454c1d559e875ab9') in 0.013151 seconds 
  Import took 0.018179 seconds .

========================================================================
Received Import Request.
  Time since last request: 17.670567 seconds.
  path: Assets/Chap4-resources/ChickGameMaterials.png
  artifactKey: Guid(136f41607b85e9c4f9e936fa3e4e16ae) Importer(815301076,1909f56bfc062723c751e8b465ee728b)
Start importing Assets/Chap4-resources/ChickGameMaterials.png using Guid(136f41607b85e9c4f9e936fa3e4e16ae) Importer(815301076,1909f56bfc062723c751e8b465ee728b)  -> (artifact id: 'dbc50ac4b06893e0516f4ace4e0ac7f1') in 0.095494 seconds 
  Import took 0.103743 seconds .

========================================================================
Received Import Request.
  Time since last request: 0.059907 seconds.
  path: Assets/Chap4-resources/ChickGameMaterials.png
  artifactKey: Guid(136f41607b85e9c4f9e936fa3e4e16ae) Importer(815301076,1909f56bfc062723c751e8b465ee728b)
Start importing Assets/Chap4-resources/ChickGameMaterials.png using Guid(136f41607b85e9c4f9e936fa3e4e16ae) Importer(815301076,1909f56bfc062723c751e8b465ee728b)  -> (artifact id: 'dbc50ac4b06893e0516f4ace4e0ac7f1') in 0.055048 seconds 
  Import took 0.067271 seconds .

========================================================================
Received Import Request.
  Time since last request: 24.040978 seconds.
  path: Assets/Chap4-resources/ChickGameMaterials.png
  artifactKey: Guid(136f41607b85e9c4f9e936fa3e4e16ae) Importer(815301076,1909f56bfc062723c751e8b465ee728b)
Start importing Assets/Chap4-resources/ChickGameMaterials.png using Guid(136f41607b85e9c4f9e936fa3e4e16ae) Importer(815301076,1909f56bfc062723c751e8b465ee728b)  -> (artifact id: '957d09a42f6777bb44626c66ced017c6') in 0.305447 seconds 
  Import took 0.317542 seconds .

